<?xml version="1.0" encoding="UTF-8"?>
<!-- Generated by org.testng.reporters.JUnitReportReporter -->
<testsuite hostname="Niranjans-MacBook-Pro.local" failures="0" tests="1" name="testNGPackage.BeforeAfterClass" time="5.545" errors="0" timestamp="2022-06-23T10:43:42 EDT" skipped="0">
  <testcase classname="testNGPackage.BeforeAfterClass" name="performLogin" time="5.545"/>
  <system-out/>
</testsuite> <!-- testNGPackage.BeforeAfterClass -->
