<?xml version="1.0" encoding="UTF-8"?>
<!-- Generated by org.testng.reporters.JUnitReportReporter -->
<testsuite hostname="Niranjans-MacBook-Pro.local" failures="0" tests="3" name="testNGPackage.TestClass" time="44.529" errors="0" timestamp="2022-06-20T11:12:13 EDT" skipped="0">
  <testcase classname="testNGPackage.TestClass" name="openingAmazonSite" time="9.057"/>
  <system-out/>
  <testcase classname="testNGPackage.TestClass" name="openingYahooSite" time="12.306"/>
  <system-out/>
  <testcase classname="testNGPackage.TestClass" name="openingCNNSite" time="23.166"/>
  <system-out/>
</testsuite> <!-- testNGPackage.TestClass -->
