<?xml version="1.0" encoding="UTF-8"?>
<!-- Generated by org.testng.reporters.JUnitReportReporter -->
<testsuite hostname="Niranjans-MacBook-Pro.local" failures="0" tests="10" name="testNGPackage.TestNGAssertion" time="0.078" errors="0" timestamp="2022-06-21T12:00:17 EDT" skipped="0">
  <testcase classname="testNGPackage.TestNGAssertion" name="TestingAssertEquals" time="0.017"/>
  <system-out/>
  <testcase classname="testNGPackage.TestNGAssertion" name="null2" time="0.007"/>
  <system-out/>
  <testcase classname="testNGPackage.TestNGAssertion" name="assert_same" time="0.003"/>
  <system-out/>
  <testcase classname="testNGPackage.TestNGAssertion" name="TestingAssertNOTEquals" time="0.010"/>
  <system-out/>
  <testcase classname="testNGPackage.TestNGAssertion" name="notNull2" time="0.004"/>
  <system-out/>
  <testcase classname="testNGPackage.TestNGAssertion" name="TestingAssertTrue_True" time="0.006"/>
  <system-out/>
  <testcase classname="testNGPackage.TestNGAssertion" name="notNull1" time="0.003"/>
  <system-out/>
  <testcase classname="testNGPackage.TestNGAssertion" name="TestingAssertFalse_False" time="0.019"/>
  <system-out/>
  <testcase classname="testNGPackage.TestNGAssertion" name="assert_not_same" time="0.006"/>
  <system-out/>
  <testcase classname="testNGPackage.TestNGAssertion" name="null1" time="0.003"/>
  <system-out/>
</testsuite> <!-- testNGPackage.TestNGAssertion -->
