<?xml version="1.0" encoding="UTF-8"?>
<!-- Generated by org.testng.reporters.JUnitReportReporter -->
<testsuite hostname="Niranjans-MacBook-Pro.local" failures="0" tests="1" name="testNGPackage.AssertionExample" time="3.923" errors="0" timestamp="2022-06-27T22:58:37 EDT" skipped="0">
  <testcase classname="testNGPackage.AssertionExample" name="checkGoogleSite" time="3.923"/>
  <system-out/>
</testsuite> <!-- testNGPackage.AssertionExample -->
