<?xml version="1.0" encoding="UTF-8"?>
<!-- Generated by org.testng.reporters.JUnitReportReporter -->
<testsuite hostname="Niranjans-MacBook-Pro.local" failures="0" tests="3" name="testNGPackage.DataProviderClass" time="20.578" errors="0" timestamp="2022-06-27T00:33:44 EDT" skipped="0">
  <testcase classname="testNGPackage.DataProviderClass" name="checking" time="6.095"/>
  <system-out/>
  <testcase classname="testNGPackage.DataProviderClass" name="checking" time="9.359"/>
  <system-out/>
  <testcase classname="testNGPackage.DataProviderClass" name="checking" time="5.124"/>
  <system-out/>
</testsuite> <!-- testNGPackage.DataProviderClass -->
