<?xml version="1.0" encoding="UTF-8"?>
<!-- Generated by org.testng.reporters.JUnitReportReporter -->
<testsuite hostname="Niranjans-MacBook-Pro.local" failures="0" tests="1" name="testNGPackage.TestNGChronology" time="0.011" errors="0" timestamp="2022-06-21T10:36:12 EDT" skipped="0">
  <testcase classname="testNGPackage.TestNGChronology" name="methodName" time="0.011"/>
  <system-out/>
</testsuite> <!-- testNGPackage.TestNGChronology -->
