<?xml version="1.0" encoding="UTF-8"?>
<!-- Generated by org.testng.reporters.JUnitReportReporter -->
<testsuite hostname="Niranjans-MacBook-Pro.local" failures="0" tests="2" name="testNGPackage.AssertLogin" time="10.154" errors="0" timestamp="2022-06-21T12:08:24 EDT" skipped="0">
  <testcase classname="testNGPackage.AssertLogin" name="performLogin" time="8.102"/>
  <system-out/>
  <testcase classname="testNGPackage.AssertLogin" name="assertHomePage" time="2.052"/>
  <system-out/>
</testsuite> <!-- testNGPackage.AssertLogin -->
